CoolReader/build/outputs/apk/manifest-merger-debug-report.txt
-- Merging decision tree log ---
manifest
ADDED from AndroidManifest.xml:2:1
	package
		ADDED from AndroidManifest.xml:3:5
	android:versionName
		ADDED from AndroidManifest.xml:5:5
	android:versionCode
		ADDED from AndroidManifest.xml:4:5
		INJECTED from AndroidManifest.xml:0:0
		INJECTED from AndroidManifest.xml:0:0
	xmlns:android
		ADDED from AndroidManifest.xml:2:11
uses-sdk
ADDED from AndroidManifest.xml:7:5
	android:targetSdkVersion
		ADDED from AndroidManifest.xml:9:9
	android:minSdkVersion
		ADDED from AndroidManifest.xml:8:9
uses-permission#android.permission.CHANGE_NETWORK_STATE
ADDED from AndroidManifest.xml:11:5
	android:name
		ADDED from AndroidManifest.xml:11:22
uses-permission#android.permission.CHANGE_WIFI_STATE
ADDED from AndroidManifest.xml:14:5
	android:name
		ADDED from AndroidManifest.xml:14:22
uses-permission#android.permission.ACCESS_NETWORK_STATE
ADDED from AndroidManifest.xml:17:5
	android:name
		ADDED from AndroidManifest.xml:17:22
uses-permission#android.permission.ACCESS_WIFI_STATE
ADDED from AndroidManifest.xml:20:5
	android:name
		ADDED from AndroidManifest.xml:20:22
uses-permission#android.permission.INTERNET
ADDED from AndroidManifest.xml:23:5
	android:name
		ADDED from AndroidManifest.xml:23:22
uses-permission#android.permission.WRITE_EXTERNAL_STORAGE
ADDED from AndroidManifest.xml:25:7
	android:name
		ADDED from AndroidManifest.xml:25:24
application
ADDED from AndroidManifest.xml:27:5
	android:label
		ADDED from AndroidManifest.xml:30:9
	android:allowBackup
		ADDED from AndroidManifest.xml:28:9
	android:icon
		ADDED from AndroidManifest.xml:29:9
	android:theme
		ADDED from AndroidManifest.xml:31:9
activity#com.coolReader.Login.LoginActivity
ADDED from AndroidManifest.xml:32:9
	android:label
		ADDED from AndroidManifest.xml:34:13
	android:launchMode
		ADDED from AndroidManifest.xml:35:13
	android:name
		ADDED from AndroidManifest.xml:33:13
intent-filter#android.intent.action.MAIN+android.intent.category.LAUNCHER
ADDED from AndroidManifest.xml:36:13
action#android.intent.action.MAIN
ADDED from AndroidManifest.xml:37:17
	android:name
		ADDED from AndroidManifest.xml:37:25
category#android.intent.category.LAUNCHER
ADDED from AndroidManifest.xml:39:17
	android:name
		ADDED from AndroidManifest.xml:39:27
activity#com.coolReader.Register.RegisterActivity
ADDED from AndroidManifest.xml:42:9
	android:launchMode
		ADDED from AndroidManifest.xml:44:13
	android:name
		ADDED from AndroidManifest.xml:43:13
activity#com.coolReader.mainPage.MainPageActivity
ADDED from AndroidManifest.xml:46:9
	android:launchMode
		ADDED from AndroidManifest.xml:48:13
	android:name
		ADDED from AndroidManifest.xml:47:13
activity#com.coolReader.savefile.SaveFileActivity
ADDED from AndroidManifest.xml:50:9
	android:launchMode
		ADDED from AndroidManifest.xml:52:13
	android:name
		ADDED from AndroidManifest.xml:51:13
activity#com.coolReader.search.SearchActivity
ADDED from AndroidManifest.xml:54:9
	android:launchMode
		ADDED from AndroidManifest.xml:56:13
	android:name
		ADDED from AndroidManifest.xml:55:13
activity#com.coolReader.addnew.AddNewActivity
ADDED from AndroidManifest.xml:58:9
	android:launchMode
		ADDED from AndroidManifest.xml:60:13
	android:name
		ADDED from AndroidManifest.xml:59:13
activity#com.coolReader.setting.SettingActivity
ADDED from AndroidManifest.xml:62:9
	android:launchMode
		ADDED from AndroidManifest.xml:64:13
	android:name
		ADDED from AndroidManifest.xml:63:13
activity#com.coolReader.setting.EditCountActivity
ADDED from AndroidManifest.xml:66:9
	android:launchMode
		ADDED from AndroidManifest.xml:68:13
	android:name
		ADDED from AndroidManifest.xml:67:13
activity#com.coolReader.setting.EditCountChangePasswd
ADDED from AndroidManifest.xml:70:9
	android:launchMode
		ADDED from AndroidManifest.xml:72:13
	android:name
		ADDED from AndroidManifest.xml:71:13
activity#com.coolReader.setting.FeedBackActivity
ADDED from AndroidManifest.xml:74:9
	android:launchMode
		ADDED from AndroidManifest.xml:76:13
	android:name
		ADDED from AndroidManifest.xml:75:13
activity#com.coolReader.setting.AboutActivity
ADDED from AndroidManifest.xml:78:9
	android:launchMode
		ADDED from AndroidManifest.xml:80:13
	android:name
		ADDED from AndroidManifest.xml:79:13
activity#com.coolReader.showcontent.ShowURLContentActivity
ADDED from AndroidManifest.xml:82:9
	android:launchMode
		ADDED from AndroidManifest.xml:84:13
	android:name
		ADDED from AndroidManifest.xml:83:13